<?xml version="1.0" encoding="UTF-8"?>
<!-- Generated by org.testng.reporters.JUnitXMLReporter -->
<testsuite ignored="6" hostname="DESKTOP-LBD5C48" failures="0" tests="6" name="Med Refill" time="85.649" errors="0" timestamp="2022-12-23T14:08:33 IST">
  <testcase classname="com.medevantage.medrefill.testCase.PatientVerification_Test" name="patientVerification" time="16.404"/>
  <testcase classname="com.medevantage.medrefill.testCase.VerifyOTP_Test" name="enterYourOTP" time="19.016"/>
  <testcase classname="com.medevantage.medrefill.testCase.RequestPrescriptionRefill_Test" name="requestPrescriptionRefill" time="18.102"/>
  <testcase classname="com.medevantage.medrefill.testCase.MessagYourProvider_Test" name="patientVerification" time="6.322"/>
  <testcase classname="com.medevantage.medrefill.testCase.MessagYourProvider_Test" name="enterYourOTP" time="9.619"/>
  <testcase classname="com.medevantage.medrefill.testCase.MessagYourProvider_Test" name="messageYourProvider" time="16.111"/>
  <testcase classname="com.medevantage.medrefill.base.BaseClass" name="@AfterSuite teardown" time="0.0">
    <ignored/>
  </testcase> <!-- @AfterSuite teardown -->
  <testcase classname="com.medevantage.medrefill.base.BaseClass" name="@AfterSuite teardown" time="0.0">
    <ignored/>
  </testcase> <!-- @AfterSuite teardown -->
  <testcase classname="com.medevantage.medrefill.base.BaseClass" name="@AfterSuite teardown" time="0.0">
    <ignored/>
  </testcase> <!-- @AfterSuite teardown -->
  <testcase classname="com.medevantage.medrefill.base.BaseClass" name="@BeforeSuite setupBrowser" time="0.0">
    <ignored/>
  </testcase> <!-- @BeforeSuite setupBrowser -->
  <testcase classname="com.medevantage.medrefill.base.BaseClass" name="@BeforeSuite setupBrowser" time="0.0">
    <ignored/>
  </testcase> <!-- @BeforeSuite setupBrowser -->
  <testcase classname="com.medevantage.medrefill.base.BaseClass" name="@BeforeSuite setupBrowser" time="0.0">
    <ignored/>
  </testcase> <!-- @BeforeSuite setupBrowser -->
</testsuite> <!-- Med Refill -->
