<?xml version="1.0" encoding="UTF-8"?>
<!-- Generated by org.testng.reporters.JUnitXMLReporter -->
<testsuite ignored="6" hostname="DESKTOP-LBD5C48" failures="0" tests="3" name="Message Your Provider" time="49.382" errors="0" timestamp="2022-12-22T15:14:24 IST">
  <testcase classname="com.medevantage.medrefill.testCase.PatientVerification_Test" name="patientVerification" time="11.098"/>
  <testcase classname="com.medevantage.medrefill.testCase.VerifyOTP_Test" name="enterYourOTP" time="11.475"/>
  <testcase classname="com.medevantage.medrefill.testCase.MessagYourProvider_Test" name="messageYourProvider" time="15.089"/>
  <testcase classname="com.medevantage.medrefill.base.BaseClass" name="@AfterTest teardown" time="0.0">
    <ignored/>
  </testcase> <!-- @AfterTest teardown -->
  <testcase classname="com.medevantage.medrefill.base.BaseClass" name="@AfterTest teardown" time="0.0">
    <ignored/>
  </testcase> <!-- @AfterTest teardown -->
  <testcase classname="com.medevantage.medrefill.base.BaseClass" name="@AfterTest teardown" time="0.0">
    <ignored/>
  </testcase> <!-- @AfterTest teardown -->
  <testcase classname="com.medevantage.medrefill.base.BaseClass" name="@BeforeTest setupBrowser" time="0.0">
    <ignored/>
  </testcase> <!-- @BeforeTest setupBrowser -->
  <testcase classname="com.medevantage.medrefill.base.BaseClass" name="@BeforeTest setupBrowser" time="0.0">
    <ignored/>
  </testcase> <!-- @BeforeTest setupBrowser -->
  <testcase classname="com.medevantage.medrefill.base.BaseClass" name="@BeforeTest setupBrowser" time="0.0">
    <ignored/>
  </testcase> <!-- @BeforeTest setupBrowser -->
</testsuite> <!-- Message Your Provider -->
