<?xml version="1.0" encoding="UTF-8"?>
<!-- Generated by org.testng.reporters.JUnitXMLReporter -->
<testsuite ignored="6" hostname="DESKTOP-LBD5C48" failures="0" tests="6" name="Request Prescription Refill and Message Your Provider" time="112.088" errors="0" timestamp="2023-01-30T15:28:42 IST">
  <testcase classname="com.medevantage.medrefill.testCase.PatientVerification_Test" name="patientVerification" time="29.801"/>
  <testcase classname="com.medevantage.medrefill.testCase.VerifyOTP_Test" name="enterYourOTP" time="13.975"/>
  <testcase classname="com.medevantage.medrefill.testCase.RequestPrescriptionRefill_Test" name="requestPrescriptionRefill" time="24.921"/>
  <testcase classname="com.medevantage.medrefill.testCase.MessagYourProvider_Test" name="patientVerification" time="7.313"/>
  <testcase classname="com.medevantage.medrefill.testCase.MessagYourProvider_Test" name="enterYourOTP" time="15.068"/>
  <testcase classname="com.medevantage.medrefill.testCase.MessagYourProvider_Test" name="messageYourProvider" time="20.876"/>
  <testcase classname="com.medevantage.medrefill.base.BaseClass" name="@AfterSuite teardown" time="0.0">
    <ignored/>
  </testcase> <!-- @AfterSuite teardown -->
  <testcase classname="com.medevantage.medrefill.base.BaseClass" name="@AfterSuite teardown" time="0.0">
    <ignored/>
  </testcase> <!-- @AfterSuite teardown -->
  <testcase classname="com.medevantage.medrefill.base.BaseClass" name="@AfterSuite teardown" time="0.0">
    <ignored/>
  </testcase> <!-- @AfterSuite teardown -->
  <testcase classname="com.medevantage.medrefill.base.BaseClass" name="@BeforeSuite setupBrowser" time="0.0">
    <ignored/>
  </testcase> <!-- @BeforeSuite setupBrowser -->
  <testcase classname="com.medevantage.medrefill.base.BaseClass" name="@BeforeSuite setupBrowser" time="0.0">
    <ignored/>
  </testcase> <!-- @BeforeSuite setupBrowser -->
  <testcase classname="com.medevantage.medrefill.base.BaseClass" name="@BeforeSuite setupBrowser" time="0.0">
    <ignored/>
  </testcase> <!-- @BeforeSuite setupBrowser -->
</testsuite> <!-- Request Prescription Refill and Message Your Provider -->
