<?xml version="1.0" encoding="UTF-8"?>
<!-- Generated by org.testng.reporters.JUnitXMLReporter -->
<testsuite ignored="3" hostname="DESKTOP-LBD5C48" failures="0" tests="3" name="Test" time="46.539" errors="0" timestamp="2022-12-15T14:55:45 IST">
  <testcase classname="com.medevantage.medrefill.testCase.PatientVerification_Test" name="patientVerification" time="11.333"/>
  <testcase classname="com.medevantage.medrefill.testCase.VerifyOTP_Test" name="enterYourOTP" time="11.17"/>
  <testcase classname="com.medevantage.medrefill.testCase.RequestPrescriptionRefill_Test" name="requestPrescriptionRefill" time="8.061"/>
  <testcase classname="com.medevantage.medrefill.base.BaseClass" name="@BeforeTest setupBrowser" time="0.0">
    <ignored/>
  </testcase> <!-- @BeforeTest setupBrowser -->
  <testcase classname="com.medevantage.medrefill.base.BaseClass" name="@BeforeTest setupBrowser" time="0.0">
    <ignored/>
  </testcase> <!-- @BeforeTest setupBrowser -->
  <testcase classname="com.medevantage.medrefill.base.BaseClass" name="@BeforeTest setupBrowser" time="0.0">
    <ignored/>
  </testcase> <!-- @BeforeTest setupBrowser -->
</testsuite> <!-- Test -->
